17:10:15,540 (main) DEBUG [DataNucleus.General] - Plugin Registry "org.datanucleus.plugin.EclipsePluginRegistry" not found. Falling back to DataNucleus registry. Reason : Class "org.eclipse.core.runtime.RegistryFactory" was not found in the CLASSPATH. Please check your specification and your CLASSPATH..
17:10:15,541 (main) DEBUG [DataNucleus.General] - Using PluginRegistry org.datanucleus.plugin.NonManagedPluginRegistry
17:10:15,563 (main) DEBUG [DataNucleus.General] - Registering bundle org.sonatype.inject version 2.3.0 at URL file:/home/orion/.m2/repository/org/sonatype/sisu/sisu-inject-bean/2.3.0/sisu-inject-bean-2.3.0.jar.
17:10:15,571 (main) DEBUG [DataNucleus.General] - Loading extension points from plug-in file jar:file:/home/orion/.m2/repository/org/sonatype/sisu/sisu-inject-bean/2.3.0/sisu-inject-bean-2.3.0.jar!/plugin.xml.
17:10:15,573 (main) DEBUG [DataNucleus.General] - Loading extensions from plug-in file jar:file:/home/orion/.m2/repository/org/sonatype/sisu/sisu-inject-bean/2.3.0/sisu-inject-bean-2.3.0.jar!/plugin.xml.
17:10:15,575 (main) DEBUG [DataNucleus.General] - Registering bundle org.datanucleus.enhancer version 3.1.1 at URL file:/home/orion/.m2/repository/org/datanucleus/datanucleus-enhancer/3.1.1/datanucleus-enhancer-3.1.1.jar.
17:10:15,576 (main) DEBUG [DataNucleus.General] - Loading extension points from plug-in file jar:file:/home/orion/.m2/repository/org/datanucleus/datanucleus-enhancer/3.1.1/datanucleus-enhancer-3.1.1.jar!/plugin.xml.
17:10:15,576 (main) DEBUG [DataNucleus.General] - Loading extensions from plug-in file jar:file:/home/orion/.m2/repository/org/datanucleus/datanucleus-enhancer/3.1.1/datanucleus-enhancer-3.1.1.jar!/plugin.xml.
17:10:15,577 (main) DEBUG [DataNucleus.General] - Registering bundle org.datanucleus.store.rdbms version 3.2.3 at URL file:/home/orion/.m2/repository/org/datanucleus/datanucleus-rdbms/3.2.3/datanucleus-rdbms-3.2.3.jar.
17:10:15,609 (main) DEBUG [DataNucleus.General] - Loading extension points from plug-in file jar:file:/home/orion/.m2/repository/org/datanucleus/datanucleus-rdbms/3.2.3/datanucleus-rdbms-3.2.3.jar!/plugin.xml.
17:10:15,631 (main) DEBUG [DataNucleus.General] - Loading extensions from plug-in file jar:file:/home/orion/.m2/repository/org/datanucleus/datanucleus-rdbms/3.2.3/datanucleus-rdbms-3.2.3.jar!/plugin.xml.
17:10:15,642 (main) DEBUG [DataNucleus.General] - Registering bundle org.datanucleus.api.jpa version 3.2.3 at URL file:/home/orion/.m2/repository/org/datanucleus/datanucleus-api-jpa/3.2.3/datanucleus-api-jpa-3.2.3.jar.
17:10:15,645 (main) DEBUG [DataNucleus.General] - Loading extension points from plug-in file jar:file:/home/orion/.m2/repository/org/datanucleus/datanucleus-api-jpa/3.2.3/datanucleus-api-jpa-3.2.3.jar!/plugin.xml.
17:10:15,645 (main) DEBUG [DataNucleus.General] - Loading extensions from plug-in file jar:file:/home/orion/.m2/repository/org/datanucleus/datanucleus-api-jpa/3.2.3/datanucleus-api-jpa-3.2.3.jar!/plugin.xml.
17:10:15,646 (main) DEBUG [DataNucleus.General] - Registering bundle org.datanucleus.api.jdo version 3.2.3 at URL file:/home/orion/.m2/repository/org/datanucleus/datanucleus-api-jdo/3.2.3/datanucleus-api-jdo-3.2.3.jar.
17:10:15,649 (main) DEBUG [DataNucleus.General] - Loading extension points from plug-in file jar:file:/home/orion/.m2/repository/org/datanucleus/datanucleus-api-jdo/3.2.3/datanucleus-api-jdo-3.2.3.jar!/plugin.xml.
17:10:15,649 (main) DEBUG [DataNucleus.General] - Loading extensions from plug-in file jar:file:/home/orion/.m2/repository/org/datanucleus/datanucleus-api-jdo/3.2.3/datanucleus-api-jdo-3.2.3.jar!/plugin.xml.
17:10:15,651 (main) DEBUG [DataNucleus.General] - Registering bundle org.datanucleus version 3.2.4 at URL file:/home/orion/.m2/repository/org/datanucleus/datanucleus-core/3.2.4/datanucleus-core-3.2.4.jar.
17:10:15,654 (main) DEBUG [DataNucleus.General] - Loading extension points from plug-in file jar:file:/home/orion/.m2/repository/org/datanucleus/datanucleus-core/3.2.4/datanucleus-core-3.2.4.jar!/plugin.xml.
17:10:15,661 (main) DEBUG [DataNucleus.General] - Loading extensions from plug-in file jar:file:/home/orion/.m2/repository/org/datanucleus/datanucleus-core/3.2.4/datanucleus-core-3.2.4.jar!/plugin.xml.
17:10:15,662 (main) WARN  [DataNucleus.General] - Extension Point "org.datanucleus.implementation_creator" not registered, but plugin "org.datanucleus.enhancer" defined in file:/home/orion/.m2/repository/org/datanucleus/datanucleus-enhancer/3.1.1/datanucleus-enhancer-3.1.1.jar refers to it.
17:10:15,684 (main) DEBUG [DataNucleus.Persistence] - Java types support initialising ...
17:10:15,708 (main) DEBUG [DataNucleus.Persistence] - Java types support loaded : supported java types=java.awt.Color, java.lang.Float, [Ljava.lang.Integer;, java.sql.Time, java.util.SortedSet, java.net.URL, java.util.Date, java.util.PriorityQueue, float, [Ljava.lang.Character;, [Ljava.lang.Double;, java.lang.Integer, java.math.BigDecimal, java.util.Vector, java.lang.Character, java.lang.Enum, java.lang.Long, java.lang.Short, java.util.Locale, java.util.Map, java.math.BigInteger, java.net.URI, java.lang.Byte, java.util.GregorianCalendar, java.awt.image.BufferedImage, byte, double, java.util.TimeZone, java.sql.Timestamp, java.util.Collection, java.util.Set, java.util.UUID, [Ljava.lang.String;, java.util.List, [Ljava.lang.Short;, java.util.Queue, java.util.SortedMap, [Ljava.lang.Enum;, [Ljava.lang.Boolean;, java.lang.Double, [Ljava.util.Date;, [B, [C, [D, java.util.HashMap, java.util.Currency, [F, long, java.util.Stack, java.util.TreeSet, [I, java.util.ArrayList, [J, java.util.HashSet, java.util.LinkedHashMap, java.util.Calendar, java.lang.StringBuffer, [S, [Ljava.math.BigInteger;, java.lang.Boolean, [Ljava.lang.Number;, java.lang.String, [Ljava.math.BigDecimal;, java.lang.Number, java.util.LinkedList, java.util.Hashtable, java.util.LinkedHashSet, [Z, [Ljava.lang.Float;, java.util.Properties, [Ljava.lang.Byte;, [Ljava.util.Locale;, int, java.sql.Date, boolean, java.util.TreeMap, [Ljava.lang.Long;, char, short, java.lang.Class, java.util.BitSet, java.util.Arrays$ArrayList
17:10:15,708 (main) DEBUG [DataNucleus.Persistence] - Type converter support initialising ...
17:10:15,709 (main) DEBUG [DataNucleus.Persistence] - Added converter for java.math.BigDecimal<->java.lang.String using org.datanucleus.store.types.converters.BigDecimalStringConverter
17:10:15,709 (main) DEBUG [DataNucleus.Persistence] - Added converter for java.math.BigInteger<->java.lang.String using org.datanucleus.store.types.converters.BigIntegerStringConverter
17:10:15,710 (main) DEBUG [DataNucleus.Persistence] - Added converter for java.util.BitSet<->java.lang.String using org.datanucleus.store.types.converters.BitSetStringConverter
17:10:15,711 (main) DEBUG [DataNucleus.Persistence] - Added converter for java.util.Calendar<->java.lang.String using org.datanucleus.store.types.converters.CalendarStringConverter
17:10:15,711 (main) DEBUG [DataNucleus.Persistence] - Added converter for java.lang.Class<->java.lang.String using org.datanucleus.store.types.converters.ClassStringConverter
17:10:15,712 (main) DEBUG [DataNucleus.Persistence] - Added converter for java.awt.Color<->java.lang.String using org.datanucleus.store.types.converters.ColorStringConverter
17:10:15,712 (main) DEBUG [DataNucleus.Persistence] - Added converter for java.lang.Integer<->java.lang.String using org.datanucleus.store.types.converters.IntegerStringConverter
17:10:15,713 (main) DEBUG [DataNucleus.Persistence] - Added converter for java.lang.Long<->java.lang.String using org.datanucleus.store.types.converters.LongStringConverter
17:10:15,713 (main) DEBUG [DataNucleus.Persistence] - Added converter for java.util.Currency<->java.lang.String using org.datanucleus.store.types.converters.CurrencyStringConverter
17:10:15,713 (main) DEBUG [DataNucleus.Persistence] - Added converter for java.util.Date<->java.lang.Long using org.datanucleus.store.types.converters.DateLongConverter
17:10:15,714 (main) DEBUG [DataNucleus.Persistence] - Added converter for java.util.Date<->java.lang.String using org.datanucleus.store.types.converters.DateStringConverter
17:10:15,714 (main) DEBUG [DataNucleus.Persistence] - Added converter for java.util.Locale<->java.lang.String using org.datanucleus.store.types.converters.LocaleStringConverter
17:10:15,715 (main) DEBUG [DataNucleus.Persistence] - Added converter for java.sql.Date<->java.lang.Long using org.datanucleus.store.types.converters.SqlDateLongConverter
17:10:15,716 (main) DEBUG [DataNucleus.Persistence] - Added converter for java.sql.Date<->java.lang.String using org.datanucleus.store.types.converters.SqlDateStringConverter
17:10:15,716 (main) DEBUG [DataNucleus.Persistence] - Added converter for java.sql.Time<->java.lang.Long using org.datanucleus.store.types.converters.SqlTimeLongConverter
17:10:15,716 (main) DEBUG [DataNucleus.Persistence] - Added converter for java.sql.Time<->java.lang.String using org.datanucleus.store.types.converters.SqlTimeStringConverter
17:10:15,717 (main) DEBUG [DataNucleus.Persistence] - Added converter for java.sql.Timestamp<->java.lang.Long using org.datanucleus.store.types.converters.SqlTimestampLongConverter
17:10:15,717 (main) DEBUG [DataNucleus.Persistence] - Added converter for java.lang.StringBuffer<->java.lang.String using org.datanucleus.store.types.converters.StringBufferStringConverter
17:10:15,717 (main) DEBUG [DataNucleus.Persistence] - Added converter for java.util.TimeZone<->java.lang.String using org.datanucleus.store.types.converters.TimeZoneStringConverter
17:10:15,718 (main) DEBUG [DataNucleus.Persistence] - Added converter for java.net.URI<->java.lang.String using org.datanucleus.store.types.converters.URIStringConverter
17:10:15,718 (main) DEBUG [DataNucleus.Persistence] - Added converter for java.net.URL<->java.lang.String using org.datanucleus.store.types.converters.URLStringConverter
17:10:15,718 (main) DEBUG [DataNucleus.Persistence] - Added converter for java.util.UUID<->java.lang.String using org.datanucleus.store.types.converters.UUIDStringConverter
17:10:15,719 (main) DEBUG [DataNucleus.Persistence] - TypeConverter for javax.time.calendar.LocalDate<->java.lang.String ignored since java type not present in CLASSPATH
17:10:15,719 (main) DEBUG [DataNucleus.Persistence] - TypeConverter for javax.time.calendar.LocalTime<->java.lang.String ignored since java type not present in CLASSPATH
17:10:15,720 (main) DEBUG [DataNucleus.Persistence] - TypeConverter for javax.time.calendar.LocalTime<->java.lang.Long ignored since java type not present in CLASSPATH
17:10:15,720 (main) DEBUG [DataNucleus.Persistence] - TypeConverter for javax.time.calendar.LocalDateTime<->java.lang.String ignored since java type not present in CLASSPATH
17:10:15,721 (main) DEBUG [DataNucleus.Persistence] - Added converter for java.io.Serializable<->java.lang.String using org.datanucleus.store.types.converters.SerializableStringConverter
17:10:15,721 (main) DEBUG [DataNucleus.Persistence] - Added converter for java.io.Serializable<->[B using org.datanucleus.store.types.converters.SerializableByteArrayConverter
17:10:15,721 (main) DEBUG [DataNucleus.Persistence] - Type converter support loaded
17:10:15,721 (main) DEBUG [DataNucleus.MetaData] - MetaDataManager : Input=(XML,Annotations), XML-Validation=false
17:10:15,722 (main) INFO  [DataNucleus.Enhancer] - DataNucleus Enhancer (version 3.2.4) for API "JPA" using JRE "1.8"
17:10:15,722 (main) DEBUG [DataNucleus.Enhancer] - DataNucleus Enhancer : Classpath
17:10:15,722 (main) DEBUG [DataNucleus.Enhancer] - >>  /home/orion/.m2/repository/org/datanucleus/datanucleus-maven-plugin/3.2.0-m2/datanucleus-maven-plugin-3.2.0-m2.jar
17:10:15,723 (main) DEBUG [DataNucleus.Enhancer] - >>  /home/orion/.m2/repository/org/datanucleus/datanucleus-core/3.2.4/datanucleus-core-3.2.4.jar
17:10:15,723 (main) DEBUG [DataNucleus.Enhancer] - >>  /home/orion/.m2/repository/org/datanucleus/datanucleus-rdbms/3.2.3/datanucleus-rdbms-3.2.3.jar
17:10:15,723 (main) DEBUG [DataNucleus.Enhancer] - >>  /home/orion/.m2/repository/javax/jdo/jdo-api/3.1/jdo-api-3.1.jar
17:10:15,723 (main) DEBUG [DataNucleus.Enhancer] - >>  /home/orion/.m2/repository/javax/transaction/transaction-api/1.1/transaction-api-1.1.jar
17:10:15,723 (main) DEBUG [DataNucleus.Enhancer] - >>  /home/orion/.m2/repository/org/apache/geronimo/specs/geronimo-jpa_2.0_spec/1.0/geronimo-jpa_2.0_spec-1.0.jar
17:10:15,723 (main) DEBUG [DataNucleus.Enhancer] - >>  /home/orion/.m2/repository/org/codehaus/plexus/plexus-utils/3.0.8/plexus-utils-3.0.8.jar
17:10:15,723 (main) DEBUG [DataNucleus.Enhancer] - >>  /home/orion/.m2/repository/org/codehaus/plexus/plexus-component-annotations/1.5.5/plexus-component-annotations-1.5.5.jar
17:10:15,724 (main) DEBUG [DataNucleus.Enhancer] - >>  /home/orion/.m2/repository/org/sonatype/sisu/sisu-inject-bean/2.3.0/sisu-inject-bean-2.3.0.jar
17:10:15,724 (main) DEBUG [DataNucleus.Enhancer] - >>  /home/orion/.m2/repository/org/sonatype/sisu/sisu-guice/3.1.0/sisu-guice-3.1.0-no_aop.jar
17:10:15,724 (main) DEBUG [DataNucleus.Enhancer] - >>  /home/orion/.m2/repository/org/sonatype/sisu/sisu-guava/0.9.9/sisu-guava-0.9.9.jar
17:10:15,724 (main) DEBUG [DataNucleus.Enhancer] - >>  /home/orion/.m2/repository/org/apache/xbean/xbean-reflect/3.4/xbean-reflect-3.4.jar
17:10:15,724 (main) DEBUG [DataNucleus.Enhancer] - >>  /home/orion/.m2/repository/log4j/log4j/1.2.12/log4j-1.2.12.jar
17:10:15,724 (main) DEBUG [DataNucleus.Enhancer] - >>  /home/orion/.m2/repository/commons-logging/commons-logging-api/1.1/commons-logging-api-1.1.jar
17:10:15,725 (main) DEBUG [DataNucleus.Enhancer] - >>  /home/orion/.m2/repository/com/google/collections/google-collections/1.0/google-collections-1.0.jar
17:10:15,725 (main) DEBUG [DataNucleus.Enhancer] - >>  /home/orion/.m2/repository/junit/junit/3.8.2/junit-3.8.2.jar
17:10:15,725 (main) DEBUG [DataNucleus.Enhancer] - >>  /home/orion/IdeaProjects/cumulus4jexamples/example1/target/classes
17:10:15,725 (main) DEBUG [DataNucleus.Enhancer] - >>  /home/orion/.m2/repository/org/datanucleus/datanucleus-api-jpa/3.2.3/datanucleus-api-jpa-3.2.3.jar
17:10:15,725 (main) DEBUG [DataNucleus.Enhancer] - >>  /home/orion/.m2/repository/org/datanucleus/datanucleus-api-jdo/3.2.3/datanucleus-api-jdo-3.2.3.jar
17:10:15,725 (main) DEBUG [DataNucleus.Enhancer] - >>  /home/orion/.m2/repository/org/datanucleus/javax.persistence/2.1.2/javax.persistence-2.1.2.jar
17:10:15,725 (main) DEBUG [DataNucleus.Enhancer] - >>  /home/orion/.m2/repository/org/datanucleus/datanucleus-enhancer/3.1.1/datanucleus-enhancer-3.1.1.jar
17:10:15,725 (main) DEBUG [DataNucleus.Enhancer] - >>  /home/orion/.m2/repository/org/ow2/asm/asm/4.0/asm-4.0.jar
17:10:15,726 (main) DEBUG [DataNucleus.Enhancer] - >>  /home/orion/.m2/repository/mysql/mysql-connector-java/5.1.36/mysql-connector-java-5.1.36.jar
17:10:15,726 (main) DEBUG [DataNucleus.Enhancer] - >>  /home/orion/.m2/repository/c3p0/c3p0/0.9.1.2/c3p0-0.9.1.2.jar
17:10:15,726 (main) DEBUG [DataNucleus.Enhancer] - >>  /home/orion/.m2/repository/org/apache/geronimo/specs/geronimo-jpa_2.0_spec/1.1/geronimo-jpa_2.0_spec-1.1.jar
17:10:15,726 (main) DEBUG [DataNucleus.Enhancer] - >>  /home/orion/.m2/repository/log4j/log4j/1.2.17/log4j-1.2.17.jar
17:10:15,726 (main) DEBUG [DataNucleus.Enhancer] - >>  /home/orion/.m2/repository/org/slf4j/slf4j-api/1.7.12/slf4j-api-1.7.12.jar
17:10:15,726 (main) DEBUG [DataNucleus.Enhancer] - >>  /home/orion/.m2/repository/junit/junit/4.12/junit-4.12.jar
17:10:15,726 (main) DEBUG [DataNucleus.Enhancer] - >>  /home/orion/.m2/repository/org/hamcrest/hamcrest-core/1.3/hamcrest-core-1.3.jar
17:10:15,727 (main) DEBUG [DataNucleus.Enhancer] - Enhancing classes for JRE=1.8 with stackmap-frames=true
17:10:15,730 (main) DEBUG [DataNucleus.MetaData] - Parsing MetaData file "file:/home/orion/IdeaProjects/cumulus4jexamples/example1/target/classes/META-INF/persistence.xml" using handler "persistence" (validation="false")
17:10:15,738 (main) DEBUG [DataNucleus.MetaData] - MetaData Management : Loading Metadata for persistence-unit "Tutorial" ...
17:10:15,739 (main) DEBUG [DataNucleus.MetaData] - Not found any metadata mapping files for resource name META-INF/orm.xml in CLASSPATH
17:10:15,782 (main) DEBUG [DataNucleus.MetaData] - Class "eu.ubitech.samples.jpa.tutorial.Product" has been specified with JPA annotations so using those.
17:10:15,796 (main) DEBUG [DataNucleus.MetaData] - Class "eu.ubitech.samples.jpa.tutorial.Book" has been specified with JPA annotations so using those.
17:10:15,797 (main) DEBUG [DataNucleus.MetaData] - Class "eu.ubitech.samples.jpa.tutorial.Inventory" has been specified with JPA annotations so using those.
17:10:15,803 (main) DEBUG [DataNucleus.MetaData] - Populating all MetaData ...
17:10:15,804 (main) DEBUG [DataNucleus.MetaData] - Class "eu.ubitech.samples.jpa.tutorial.Product" : Populating Meta-Data
17:10:15,805 (main) DEBUG [DataNucleus.MetaData] - Class "eu.ubitech.samples.jpa.tutorial.Book" : Populating Meta-Data
17:10:15,805 (main) DEBUG [DataNucleus.MetaData] - Class "eu.ubitech.samples.jpa.tutorial.Inventory" : Populating Meta-Data
17:10:15,806 (main) DEBUG [DataNucleus.MetaData] - Initialising all MetaData ...
17:10:15,806 (main) DEBUG [DataNucleus.MetaData] - Class "eu.ubitech.samples.jpa.tutorial.Product" : Initialising Meta-Data
17:10:15,808 (main) DEBUG [DataNucleus.MetaData] - Class "eu.ubitech.samples.jpa.tutorial.Book" : Initialising Meta-Data
17:10:15,808 (main) DEBUG [DataNucleus.MetaData] - Class "eu.ubitech.samples.jpa.tutorial.Inventory" : Initialising Meta-Data
17:10:15,808 (main) DEBUG [DataNucleus.MetaData] - MetaData Management : Load of Metadata complete
17:10:15,816 (main) DEBUG [DataNucleus.Enhancer] - Enhance of class "eu.ubitech.samples.jpa.tutorial.Product" starting ...
17:10:15,835 (main) DEBUG [DataNucleus.Enhancer] - Class "eu.ubitech.samples.jpa.tutorial.Product" doesnt implement the interface "javax.jdo.spi.PersistenceCapable" but is required
17:10:15,835 (main) DEBUG [DataNucleus.Enhancer] - Class "eu.ubitech.samples.jpa.tutorial.Product" doesnt implement the interface "javax.jdo.spi.Detachable" but is required
17:10:15,835 (main) DEBUG [DataNucleus.Enhancer] - Class "eu.ubitech.samples.jpa.tutorial.Product" doesnt have field "jdoFlags" but is required
17:10:15,836 (main) DEBUG [DataNucleus.Enhancer] - Class "eu.ubitech.samples.jpa.tutorial.Product" doesnt have field "jdoPersistenceCapableSuperclass" but is required
17:10:15,836 (main) DEBUG [DataNucleus.Enhancer] - Class "eu.ubitech.samples.jpa.tutorial.Product" doesnt have field "jdoInheritedFieldCount" but is required
17:10:15,836 (main) DEBUG [DataNucleus.Enhancer] - Class "eu.ubitech.samples.jpa.tutorial.Product" doesnt have field "jdoStateManager" but is required
17:10:15,836 (main) DEBUG [DataNucleus.Enhancer] - Class "eu.ubitech.samples.jpa.tutorial.Product" doesnt have field "jdoFieldNames" but is required
17:10:15,836 (main) DEBUG [DataNucleus.Enhancer] - Class "eu.ubitech.samples.jpa.tutorial.Product" doesnt have field "jdoDetachedState" but is required
17:10:15,836 (main) DEBUG [DataNucleus.Enhancer] - Class "eu.ubitech.samples.jpa.tutorial.Product" doesnt have field "jdoFieldFlags" but is required
17:10:15,836 (main) DEBUG [DataNucleus.Enhancer] - Class "eu.ubitech.samples.jpa.tutorial.Product" doesnt have field "jdoFieldTypes" but is required
17:10:15,836 (main) DEBUG [DataNucleus.Enhancer] - Class "eu.ubitech.samples.jpa.tutorial.Product" doesnt have method "jdoIsTransactional" but is required
17:10:15,836 (main) DEBUG [DataNucleus.Enhancer] - Class "eu.ubitech.samples.jpa.tutorial.Product" doesnt have method "jdoGetObjectId" but is required
17:10:15,836 (main) DEBUG [DataNucleus.Enhancer] - Class "eu.ubitech.samples.jpa.tutorial.Product" doesnt have method "jdoGetPersistenceManager" but is required
17:10:15,836 (main) DEBUG [DataNucleus.Enhancer] - Class "eu.ubitech.samples.jpa.tutorial.Product" doesnt have method "jdoIsDirty" but is required
17:10:15,836 (main) DEBUG [DataNucleus.Enhancer] - Class "eu.ubitech.samples.jpa.tutorial.Product" doesnt have method "jdoIsDetached" but is required
17:10:15,836 (main) DEBUG [DataNucleus.Enhancer] - Class "eu.ubitech.samples.jpa.tutorial.Product" doesnt have method "jdoNewObjectIdInstance" but is required
17:10:15,836 (main) DEBUG [DataNucleus.Enhancer] - Class "eu.ubitech.samples.jpa.tutorial.Product" doesnt have method "jdoNewObjectIdInstance" but is required
17:10:15,836 (main) DEBUG [DataNucleus.Enhancer] - Class "eu.ubitech.samples.jpa.tutorial.Product" doesnt have method "jdoReplaceDetachedState" but is required
17:10:15,836 (main) DEBUG [DataNucleus.Enhancer] - Class "eu.ubitech.samples.jpa.tutorial.Product" doesnt have method "jdoCopyFields" but is required
17:10:15,836 (main) DEBUG [DataNucleus.Enhancer] - Class "eu.ubitech.samples.jpa.tutorial.Product" doesnt have method "jdoIsDeleted" but is required
17:10:15,837 (main) DEBUG [DataNucleus.Enhancer] - Class "eu.ubitech.samples.jpa.tutorial.Product" doesnt have method "jdoNewInstance" but is required
17:10:15,837 (main) DEBUG [DataNucleus.Enhancer] - Class "eu.ubitech.samples.jpa.tutorial.Product" doesnt have method "jdoNewInstance" but is required
17:10:15,837 (main) DEBUG [DataNucleus.Enhancer] - Class "eu.ubitech.samples.jpa.tutorial.Product" doesnt have method "jdoGetVersion" but is required
17:10:15,837 (main) DEBUG [DataNucleus.Enhancer] - Class "eu.ubitech.samples.jpa.tutorial.Product" doesnt have method "jdoProvideField" but is required
17:10:15,837 (main) DEBUG [DataNucleus.Enhancer] - Class "eu.ubitech.samples.jpa.tutorial.Product" doesnt have method "jdoGetManagedFieldCount" but is required
17:10:15,837 (main) DEBUG [DataNucleus.Enhancer] - Class "eu.ubitech.samples.jpa.tutorial.Product" doesnt have method "jdoReplaceField" but is required
17:10:15,837 (main) DEBUG [DataNucleus.Enhancer] - Class "eu.ubitech.samples.jpa.tutorial.Product" doesnt have method "jdoCopyField" but is required
17:10:15,837 (main) DEBUG [DataNucleus.Enhancer] - Class "eu.ubitech.samples.jpa.tutorial.Product" doesnt have method "jdoProvideFields" but is required
17:10:15,837 (main) DEBUG [DataNucleus.Enhancer] - Class "eu.ubitech.samples.jpa.tutorial.Product" doesnt have method "jdoCopyKeyFieldsFromObjectId" but is required
17:10:15,837 (main) DEBUG [DataNucleus.Enhancer] - Class "eu.ubitech.samples.jpa.tutorial.Product" doesnt have method "jdoCopyKeyFieldsFromObjectId" but is required
17:10:15,837 (main) DEBUG [DataNucleus.Enhancer] - Class "eu.ubitech.samples.jpa.tutorial.Product" doesnt have method "jdoSuperClone" but is required
17:10:15,837 (main) DEBUG [DataNucleus.Enhancer] - Class "eu.ubitech.samples.jpa.tutorial.Product" doesnt have method "__jdoGetInheritedFieldCount" but is required
17:10:15,837 (main) DEBUG [DataNucleus.Enhancer] - Class "eu.ubitech.samples.jpa.tutorial.Product" doesnt have method "__jdoFieldTypesInit" but is required
17:10:15,837 (main) DEBUG [DataNucleus.Enhancer] - Class "eu.ubitech.samples.jpa.tutorial.Product" doesnt have method "jdoReplaceFlags" but is required
17:10:15,837 (main) DEBUG [DataNucleus.Enhancer] - Class "eu.ubitech.samples.jpa.tutorial.Product" doesnt have method "___jdo$loadClass" but is required
17:10:15,838 (main) DEBUG [DataNucleus.Enhancer] - Class "eu.ubitech.samples.jpa.tutorial.Product" doesnt have method "jdoMakeDirty" but is required
17:10:15,838 (main) DEBUG [DataNucleus.Enhancer] - Class "eu.ubitech.samples.jpa.tutorial.Product" doesnt have method "jdoGetTransactionalObjectId" but is required
17:10:15,838 (main) DEBUG [DataNucleus.Enhancer] - Class "eu.ubitech.samples.jpa.tutorial.Product" doesnt have method "__jdoFieldNamesInit" but is required
17:10:15,838 (main) DEBUG [DataNucleus.Enhancer] - Class "eu.ubitech.samples.jpa.tutorial.Product" doesnt have method "jdoIsNew" but is required
17:10:15,838 (main) DEBUG [DataNucleus.Enhancer] - Class "eu.ubitech.samples.jpa.tutorial.Product" doesnt have method "jdoReplaceStateManager" but is required
17:10:15,838 (main) DEBUG [DataNucleus.Enhancer] - Class "eu.ubitech.samples.jpa.tutorial.Product" doesnt have method "__jdoFieldFlagsInit" but is required
17:10:15,838 (main) DEBUG [DataNucleus.Enhancer] - Class "eu.ubitech.samples.jpa.tutorial.Product" doesnt have method "jdoPreSerialize" but is required
17:10:15,838 (main) DEBUG [DataNucleus.Enhancer] - Class "eu.ubitech.samples.jpa.tutorial.Product" doesnt have method "jdoIsPersistent" but is required
17:10:15,838 (main) DEBUG [DataNucleus.Enhancer] - Class "eu.ubitech.samples.jpa.tutorial.Product" doesnt have method "jdoReplaceFields" but is required
17:10:15,838 (main) DEBUG [DataNucleus.Enhancer] - Class "eu.ubitech.samples.jpa.tutorial.Product" doesnt have method "jdoCopyKeyFieldsToObjectId" but is required
17:10:15,838 (main) DEBUG [DataNucleus.Enhancer] - Class "eu.ubitech.samples.jpa.tutorial.Product" doesnt have method "jdoCopyKeyFieldsToObjectId" but is required
17:10:15,838 (main) DEBUG [DataNucleus.Enhancer] - Class "eu.ubitech.samples.jpa.tutorial.Product" doesnt have method "__jdoPersistenceCapableSuperclassInit" but is required
17:10:15,844 (main) DEBUG [DataNucleus.Enhancer] - Adding interface: javax.jdo.spi.Detachable
17:10:15,844 (main) DEBUG [DataNucleus.Enhancer] - Adding interface: javax.jdo.spi.PersistenceCapable
17:10:15,849 (main) DEBUG [DataNucleus.Enhancer] - Enhancing original method eu.ubitech.samples.jpa.tutorial.Product.<init> : omitting enhance of set of field "eu.ubitech.samples.jpa.tutorial.Product.name"
17:10:15,849 (main) DEBUG [DataNucleus.Enhancer] - Enhancing original method eu.ubitech.samples.jpa.tutorial.Product.<init> : omitting enhance of set of field "eu.ubitech.samples.jpa.tutorial.Product.description"
17:10:15,849 (main) DEBUG [DataNucleus.Enhancer] - Enhancing original method eu.ubitech.samples.jpa.tutorial.Product.<init> : omitting enhance of set of field "eu.ubitech.samples.jpa.tutorial.Product.price"
17:10:15,849 (main) DEBUG [DataNucleus.Enhancer] - Enhancing original method eu.ubitech.samples.jpa.tutorial.Product.<init> : omitting enhance of set of field "eu.ubitech.samples.jpa.tutorial.Product.name"
17:10:15,849 (main) DEBUG [DataNucleus.Enhancer] - Enhancing original method eu.ubitech.samples.jpa.tutorial.Product.<init> : omitting enhance of set of field "eu.ubitech.samples.jpa.tutorial.Product.description"
17:10:15,849 (main) DEBUG [DataNucleus.Enhancer] - Enhancing original method eu.ubitech.samples.jpa.tutorial.Product.<init> : omitting enhance of set of field "eu.ubitech.samples.jpa.tutorial.Product.price"
17:10:15,849 (main) DEBUG [DataNucleus.Enhancer] - Enhancing original method eu.ubitech.samples.jpa.tutorial.Product.<init> : omitting enhance of set of field "eu.ubitech.samples.jpa.tutorial.Product.name"
17:10:15,849 (main) DEBUG [DataNucleus.Enhancer] - Enhancing original method eu.ubitech.samples.jpa.tutorial.Product.<init> : omitting enhance of set of field "eu.ubitech.samples.jpa.tutorial.Product.description"
17:10:15,849 (main) DEBUG [DataNucleus.Enhancer] - Enhancing original method eu.ubitech.samples.jpa.tutorial.Product.<init> : omitting enhance of set of field "eu.ubitech.samples.jpa.tutorial.Product.price"
17:10:15,850 (main) DEBUG [DataNucleus.Enhancer] - Enhancing original method eu.ubitech.samples.jpa.tutorial.Product.getName changing field "eu.ubitech.samples.jpa.tutorial.Product.name" for call to "jdoGetname()"
17:10:15,850 (main) DEBUG [DataNucleus.Enhancer] - Enhancing original method eu.ubitech.samples.jpa.tutorial.Product.getDescription changing field "eu.ubitech.samples.jpa.tutorial.Product.description" for call to "jdoGetdescription()"
17:10:15,850 (main) DEBUG [DataNucleus.Enhancer] - Enhancing original method eu.ubitech.samples.jpa.tutorial.Product.getPrice changing field "eu.ubitech.samples.jpa.tutorial.Product.price" for call to "jdoGetprice()"
17:10:15,850 (main) DEBUG [DataNucleus.Enhancer] - Enhancing original method eu.ubitech.samples.jpa.tutorial.Product.getId changing field "eu.ubitech.samples.jpa.tutorial.Product.id" for call to "jdoGetid()"
17:10:15,850 (main) DEBUG [DataNucleus.Enhancer] - Enhancing original method eu.ubitech.samples.jpa.tutorial.Product.setName changing field "eu.ubitech.samples.jpa.tutorial.Product.name" for call to "jdoSetname()"
17:10:15,850 (main) DEBUG [DataNucleus.Enhancer] - Enhancing original method eu.ubitech.samples.jpa.tutorial.Product.setDescription changing field "eu.ubitech.samples.jpa.tutorial.Product.description" for call to "jdoSetdescription()"
17:10:15,850 (main) DEBUG [DataNucleus.Enhancer] - Enhancing original method eu.ubitech.samples.jpa.tutorial.Product.setPrice changing field "eu.ubitech.samples.jpa.tutorial.Product.price" for call to "jdoSetprice()"
17:10:15,857 (main) DEBUG [DataNucleus.Enhancer] - Enhancing original method eu.ubitech.samples.jpa.tutorial.Product.toString changing field "eu.ubitech.samples.jpa.tutorial.Product.name" for call to "jdoGetname()"
17:10:15,857 (main) DEBUG [DataNucleus.Enhancer] - Enhancing original method eu.ubitech.samples.jpa.tutorial.Product.toString changing field "eu.ubitech.samples.jpa.tutorial.Product.description" for call to "jdoGetdescription()"
17:10:15,857 (main) DEBUG [DataNucleus.Enhancer] - Adding field "javax.jdo.spi.StateManager jdoStateManager"
17:10:15,857 (main) DEBUG [DataNucleus.Enhancer] - Adding field "byte jdoFlags"
17:10:15,857 (main) DEBUG [DataNucleus.Enhancer] - Adding field "[Ljava.lang.Object; jdoDetachedState"
17:10:15,857 (main) DEBUG [DataNucleus.Enhancer] - Adding field "[B jdoFieldFlags"
17:10:15,858 (main) DEBUG [DataNucleus.Enhancer] - Adding field "java.lang.Class jdoPersistenceCapableSuperclass"
17:10:15,858 (main) DEBUG [DataNucleus.Enhancer] - Adding field "[Ljava.lang.Class; jdoFieldTypes"
17:10:15,858 (main) DEBUG [DataNucleus.Enhancer] - Adding field "[Ljava.lang.String; jdoFieldNames"
17:10:15,858 (main) DEBUG [DataNucleus.Enhancer] - Adding field "int jdoInheritedFieldCount"
17:10:15,859 (main) DEBUG [DataNucleus.Enhancer] - Adding method "void <clinit>()"
17:10:15,860 (main) DEBUG [DataNucleus.Enhancer] - Adding method "void jdoCopyKeyFieldsFromObjectId(interface javax.jdo.spi.PersistenceCapable$ObjectIdFieldConsumer fc, class java.lang.Object oid)"
17:10:15,860 (main) DEBUG [DataNucleus.Enhancer] - Adding method "void jdoCopyKeyFieldsFromObjectId(class java.lang.Object oid)"
17:10:15,860 (main) DEBUG [DataNucleus.Enhancer] - Adding method "void jdoCopyKeyFieldsToObjectId(class java.lang.Object oid)"
17:10:15,860 (main) DEBUG [DataNucleus.Enhancer] - Adding method "void jdoCopyKeyFieldsToObjectId(interface javax.jdo.spi.PersistenceCapable$ObjectIdFieldSupplier fs, class java.lang.Object oid)"
17:10:15,861 (main) DEBUG [DataNucleus.Enhancer] - Adding method "java.lang.Object jdoGetObjectId()"
17:10:15,861 (main) DEBUG [DataNucleus.Enhancer] - Adding method "java.lang.Object jdoGetVersion()"
17:10:15,861 (main) DEBUG [DataNucleus.Enhancer] - Adding method "void jdoPreSerialize()"
17:10:15,861 (main) DEBUG [DataNucleus.Enhancer] - Adding method "javax.jdo.PersistenceManager jdoGetPersistenceManager()"
17:10:15,861 (main) DEBUG [DataNucleus.Enhancer] - Adding method "java.lang.Object jdoGetTransactionalObjectId()"
17:10:15,862 (main) DEBUG [DataNucleus.Enhancer] - Adding method "boolean jdoIsDeleted()"
17:10:15,862 (main) DEBUG [DataNucleus.Enhancer] - Adding method "boolean jdoIsDirty()"
17:10:15,862 (main) DEBUG [DataNucleus.Enhancer] - Adding method "boolean jdoIsNew()"
17:10:15,862 (main) DEBUG [DataNucleus.Enhancer] - Adding method "boolean jdoIsPersistent()"
17:10:15,863 (main) DEBUG [DataNucleus.Enhancer] - Adding method "boolean jdoIsTransactional()"
17:10:15,863 (main) DEBUG [DataNucleus.Enhancer] - Adding method "void jdoMakeDirty(class java.lang.String fieldName)"
17:10:15,863 (main) DEBUG [DataNucleus.Enhancer] - Adding method "java.lang.Object jdoNewObjectIdInstance()"
17:10:15,863 (main) DEBUG [DataNucleus.Enhancer] - Adding method "java.lang.Object jdoNewObjectIdInstance(class java.lang.Object key)"
17:10:15,864 (main) DEBUG [DataNucleus.Enhancer] - Adding method "void jdoProvideFields(class [I indices)"
17:10:15,864 (main) DEBUG [DataNucleus.Enhancer] - Adding method "void jdoReplaceFields(class [I indices)"
17:10:15,864 (main) DEBUG [DataNucleus.Enhancer] - Adding method "void jdoReplaceFlags()"
17:10:15,864 (main) DEBUG [DataNucleus.Enhancer] - Adding method "void jdoReplaceStateManager(interface javax.jdo.spi.StateManager sm)"
17:10:15,864 (main) DEBUG [DataNucleus.Enhancer] - Adding method "void jdoReplaceDetachedState()"
17:10:15,865 (main) DEBUG [DataNucleus.Enhancer] - Adding method "boolean jdoIsDetached()"
17:10:15,865 (main) DEBUG [DataNucleus.Enhancer] - Adding method "javax.jdo.spi.PersistenceCapable jdoNewInstance(interface javax.jdo.spi.StateManager sm)"
17:10:15,865 (main) DEBUG [DataNucleus.Enhancer] - Adding method "javax.jdo.spi.PersistenceCapable jdoNewInstance(interface javax.jdo.spi.StateManager sm, class java.lang.Object obj)"
17:10:15,865 (main) DEBUG [DataNucleus.Enhancer] - Adding method "void jdoReplaceField(int index)"
17:10:15,866 (main) DEBUG [DataNucleus.Enhancer] - Adding method "void jdoProvideField(int index)"
17:10:15,866 (main) DEBUG [DataNucleus.Enhancer] - Adding method "void jdoCopyField(class eu.ubitech.samples.jpa.tutorial.Product obj, int index)"
17:10:15,866 (main) DEBUG [DataNucleus.Enhancer] - Adding method "void jdoCopyFields(class java.lang.Object obj, class [I indices)"
17:10:15,866 (main) DEBUG [DataNucleus.Enhancer] - Adding method "[Ljava.lang.String; __jdoFieldNamesInit()"
17:10:15,867 (main) DEBUG [DataNucleus.Enhancer] - Adding method "[Ljava.lang.Class; __jdoFieldTypesInit()"
17:10:15,867 (main) DEBUG [DataNucleus.Enhancer] - Adding method "[B __jdoFieldFlagsInit()"
17:10:15,867 (main) DEBUG [DataNucleus.Enhancer] - Adding method "int __jdoGetInheritedFieldCount()"
17:10:15,867 (main) DEBUG [DataNucleus.Enhancer] - Adding method "int jdoGetManagedFieldCount()"
17:10:15,867 (main) DEBUG [DataNucleus.Enhancer] - Adding method "java.lang.Class __jdoPersistenceCapableSuperclassInit()"
17:10:15,867 (main) DEBUG [DataNucleus.Enhancer] - Adding method "java.lang.Class ___jdo$loadClass(class java.lang.String className)"
17:10:15,867 (main) DEBUG [DataNucleus.Enhancer] - Adding method "java.lang.Object jdoSuperClone()"
17:10:15,868 (main) DEBUG [DataNucleus.Enhancer] - Adding method "java.lang.String jdoGetdescription(class eu.ubitech.samples.jpa.tutorial.Product objPC)"
17:10:15,869 (main) DEBUG [DataNucleus.Enhancer] - Adding method "void jdoSetdescription(class eu.ubitech.samples.jpa.tutorial.Product objPC, class java.lang.String val)"
17:10:15,869 (main) DEBUG [DataNucleus.Enhancer] - Adding method "long jdoGetid(class eu.ubitech.samples.jpa.tutorial.Product objPC)"
17:10:15,869 (main) DEBUG [DataNucleus.Enhancer] - Adding method "void jdoSetid(class eu.ubitech.samples.jpa.tutorial.Product objPC, long val)"
17:10:15,870 (main) DEBUG [DataNucleus.Enhancer] - Adding method "java.lang.String jdoGetname(class eu.ubitech.samples.jpa.tutorial.Product objPC)"
17:10:15,870 (main) DEBUG [DataNucleus.Enhancer] - Adding method "void jdoSetname(class eu.ubitech.samples.jpa.tutorial.Product objPC, class java.lang.String val)"
17:10:15,870 (main) DEBUG [DataNucleus.Enhancer] - Adding method "int jdoGetprice(class eu.ubitech.samples.jpa.tutorial.Product objPC)"
17:10:15,870 (main) DEBUG [DataNucleus.Enhancer] - Adding method "void jdoSetprice(class eu.ubitech.samples.jpa.tutorial.Product objPC, int val)"
17:10:15,871 (main) INFO  [DataNucleus.Enhancer] - Writing class file "/home/orion/IdeaProjects/cumulus4jexamples/example1/target/classes/eu/ubitech/samples/jpa/tutorial/Product.class" with enhanced definition
17:10:15,871 (main) INFO  [DataNucleus.Enhancer] - ENHANCED (PersistenceCapable) : eu.ubitech.samples.jpa.tutorial.Product
17:10:15,871 (main) DEBUG [DataNucleus.Enhancer] - Enhance of class "eu.ubitech.samples.jpa.tutorial.Product" completed
17:10:15,871 (main) DEBUG [DataNucleus.Enhancer] - Enhance of class "eu.ubitech.samples.jpa.tutorial.Book" starting ...
17:10:15,871 (main) DEBUG [DataNucleus.Enhancer] - Class "eu.ubitech.samples.jpa.tutorial.Book" doesnt implement the interface "javax.jdo.spi.PersistenceCapable" but is required
17:10:15,872 (main) DEBUG [DataNucleus.Enhancer] - Class "eu.ubitech.samples.jpa.tutorial.Book" doesnt implement the interface "javax.jdo.spi.Detachable" but is required
17:10:15,872 (main) DEBUG [DataNucleus.Enhancer] - Class "eu.ubitech.samples.jpa.tutorial.Book" doesnt have field "jdoPersistenceCapableSuperclass" but is required
17:10:15,872 (main) DEBUG [DataNucleus.Enhancer] - Class "eu.ubitech.samples.jpa.tutorial.Book" doesnt have field "jdoInheritedFieldCount" but is required
17:10:15,872 (main) DEBUG [DataNucleus.Enhancer] - Class "eu.ubitech.samples.jpa.tutorial.Book" doesnt have field "jdoFieldNames" but is required
17:10:15,872 (main) DEBUG [DataNucleus.Enhancer] - Class "eu.ubitech.samples.jpa.tutorial.Book" doesnt have field "jdoFieldFlags" but is required
17:10:15,872 (main) DEBUG [DataNucleus.Enhancer] - Class "eu.ubitech.samples.jpa.tutorial.Book" doesnt have field "jdoFieldTypes" but is required
17:10:15,872 (main) DEBUG [DataNucleus.Enhancer] - Class "eu.ubitech.samples.jpa.tutorial.Book" doesnt have method "__jdoGetInheritedFieldCount" but is required
17:10:15,872 (main) DEBUG [DataNucleus.Enhancer] - Class "eu.ubitech.samples.jpa.tutorial.Book" doesnt have method "__jdoFieldTypesInit" but is required
17:10:15,872 (main) DEBUG [DataNucleus.Enhancer] - Class "eu.ubitech.samples.jpa.tutorial.Book" doesnt have method "___jdo$loadClass" but is required
17:10:15,872 (main) DEBUG [DataNucleus.Enhancer] - Class "eu.ubitech.samples.jpa.tutorial.Book" doesnt have method "jdoMakeDirty" but is required
17:10:15,872 (main) DEBUG [DataNucleus.Enhancer] - Class "eu.ubitech.samples.jpa.tutorial.Book" doesnt have method "__jdoFieldNamesInit" but is required
17:10:15,872 (main) DEBUG [DataNucleus.Enhancer] - Class "eu.ubitech.samples.jpa.tutorial.Book" doesnt have method "jdoIsDetached" but is required
17:10:15,872 (main) DEBUG [DataNucleus.Enhancer] - Class "eu.ubitech.samples.jpa.tutorial.Book" doesnt have method "jdoCopyFields" but is required
17:10:15,872 (main) DEBUG [DataNucleus.Enhancer] - Class "eu.ubitech.samples.jpa.tutorial.Book" doesnt have method "jdoNewInstance" but is required
17:10:15,872 (main) DEBUG [DataNucleus.Enhancer] - Class "eu.ubitech.samples.jpa.tutorial.Book" doesnt have method "jdoNewInstance" but is required
17:10:15,872 (main) DEBUG [DataNucleus.Enhancer] - Class "eu.ubitech.samples.jpa.tutorial.Book" doesnt have method "__jdoFieldFlagsInit" but is required
17:10:15,872 (main) DEBUG [DataNucleus.Enhancer] - Class "eu.ubitech.samples.jpa.tutorial.Book" doesnt have method "jdoProvideField" but is required
17:10:15,872 (main) DEBUG [DataNucleus.Enhancer] - Class "eu.ubitech.samples.jpa.tutorial.Book" doesnt have method "jdoGetManagedFieldCount" but is required
17:10:15,873 (main) DEBUG [DataNucleus.Enhancer] - Class "eu.ubitech.samples.jpa.tutorial.Book" doesnt have method "jdoReplaceField" but is required
17:10:15,873 (main) DEBUG [DataNucleus.Enhancer] - Class "eu.ubitech.samples.jpa.tutorial.Book" doesnt have method "jdoCopyField" but is required
17:10:15,873 (main) DEBUG [DataNucleus.Enhancer] - Class "eu.ubitech.samples.jpa.tutorial.Book" doesnt have method "__jdoPersistenceCapableSuperclassInit" but is required
17:10:15,873 (main) DEBUG [DataNucleus.Enhancer] - Class "eu.ubitech.samples.jpa.tutorial.Book" doesnt have method "jdoSuperClone" but is required
17:10:15,873 (main) DEBUG [DataNucleus.Enhancer] - Adding interface: javax.jdo.spi.Detachable
17:10:15,873 (main) DEBUG [DataNucleus.Enhancer] - Adding interface: javax.jdo.spi.PersistenceCapable
17:10:15,873 (main) DEBUG [DataNucleus.Enhancer] - Enhancing original method eu.ubitech.samples.jpa.tutorial.Book.<init> : omitting enhance of set of field "eu.ubitech.samples.jpa.tutorial.Book.author"
17:10:15,873 (main) DEBUG [DataNucleus.Enhancer] - Enhancing original method eu.ubitech.samples.jpa.tutorial.Book.<init> : omitting enhance of set of field "eu.ubitech.samples.jpa.tutorial.Book.isbn"
17:10:15,873 (main) DEBUG [DataNucleus.Enhancer] - Enhancing original method eu.ubitech.samples.jpa.tutorial.Book.<init> : omitting enhance of set of field "eu.ubitech.samples.jpa.tutorial.Book.publisher"
17:10:15,873 (main) DEBUG [DataNucleus.Enhancer] - Enhancing original method eu.ubitech.samples.jpa.tutorial.Book.<init> : omitting enhance of set of field "eu.ubitech.samples.jpa.tutorial.Book.author"
17:10:15,873 (main) DEBUG [DataNucleus.Enhancer] - Enhancing original method eu.ubitech.samples.jpa.tutorial.Book.<init> : omitting enhance of set of field "eu.ubitech.samples.jpa.tutorial.Book.isbn"
17:10:15,873 (main) DEBUG [DataNucleus.Enhancer] - Enhancing original method eu.ubitech.samples.jpa.tutorial.Book.<init> : omitting enhance of set of field "eu.ubitech.samples.jpa.tutorial.Book.publisher"
17:10:15,874 (main) DEBUG [DataNucleus.Enhancer] - Enhancing original method eu.ubitech.samples.jpa.tutorial.Book.<init> : omitting enhance of set of field "eu.ubitech.samples.jpa.tutorial.Book.author"
17:10:15,874 (main) DEBUG [DataNucleus.Enhancer] - Enhancing original method eu.ubitech.samples.jpa.tutorial.Book.<init> : omitting enhance of set of field "eu.ubitech.samples.jpa.tutorial.Book.isbn"
17:10:15,874 (main) DEBUG [DataNucleus.Enhancer] - Enhancing original method eu.ubitech.samples.jpa.tutorial.Book.<init> : omitting enhance of set of field "eu.ubitech.samples.jpa.tutorial.Book.publisher"
17:10:15,874 (main) DEBUG [DataNucleus.Enhancer] - Enhancing original method eu.ubitech.samples.jpa.tutorial.Book.getAuthor changing field "eu.ubitech.samples.jpa.tutorial.Book.author" for call to "jdoGetauthor()"
17:10:15,874 (main) DEBUG [DataNucleus.Enhancer] - Enhancing original method eu.ubitech.samples.jpa.tutorial.Book.getIsbn changing field "eu.ubitech.samples.jpa.tutorial.Book.isbn" for call to "jdoGetisbn()"
17:10:15,874 (main) DEBUG [DataNucleus.Enhancer] - Enhancing original method eu.ubitech.samples.jpa.tutorial.Book.getPublisher changing field "eu.ubitech.samples.jpa.tutorial.Book.publisher" for call to "jdoGetpublisher()"
17:10:15,874 (main) DEBUG [DataNucleus.Enhancer] - Enhancing original method eu.ubitech.samples.jpa.tutorial.Book.setAuthor changing field "eu.ubitech.samples.jpa.tutorial.Book.author" for call to "jdoSetauthor()"
17:10:15,874 (main) DEBUG [DataNucleus.Enhancer] - Enhancing original method eu.ubitech.samples.jpa.tutorial.Book.setIsbn changing field "eu.ubitech.samples.jpa.tutorial.Book.isbn" for call to "jdoSetisbn()"
17:10:15,874 (main) DEBUG [DataNucleus.Enhancer] - Enhancing original method eu.ubitech.samples.jpa.tutorial.Book.setPublisher changing field "eu.ubitech.samples.jpa.tutorial.Book.publisher" for call to "jdoSetpublisher()"
17:10:15,874 (main) DEBUG [DataNucleus.Enhancer] - Enhancing original method eu.ubitech.samples.jpa.tutorial.Book.toString changing field "eu.ubitech.samples.jpa.tutorial.Book.author" for call to "jdoGetauthor()"
17:10:15,875 (main) DEBUG [DataNucleus.Enhancer] - Enhancing original method eu.ubitech.samples.jpa.tutorial.Book.toString changing field "eu.ubitech.samples.jpa.tutorial.Product.name" for call to "jdoGetname()"
17:10:15,875 (main) DEBUG [DataNucleus.Enhancer] - Adding field "[B jdoFieldFlags"
17:10:15,875 (main) DEBUG [DataNucleus.Enhancer] - Adding field "java.lang.Class jdoPersistenceCapableSuperclass"
17:10:15,875 (main) DEBUG [DataNucleus.Enhancer] - Adding field "[Ljava.lang.Class; jdoFieldTypes"
17:10:15,875 (main) DEBUG [DataNucleus.Enhancer] - Adding field "[Ljava.lang.String; jdoFieldNames"
17:10:15,875 (main) DEBUG [DataNucleus.Enhancer] - Adding field "int jdoInheritedFieldCount"
17:10:15,875 (main) DEBUG [DataNucleus.Enhancer] - Adding method "void <clinit>()"
17:10:15,875 (main) DEBUG [DataNucleus.Enhancer] - Adding method "void jdoMakeDirty(class java.lang.String fieldName)"
17:10:15,875 (main) DEBUG [DataNucleus.Enhancer] - Adding method "boolean jdoIsDetached()"
17:10:15,875 (main) DEBUG [DataNucleus.Enhancer] - Adding method "javax.jdo.spi.PersistenceCapable jdoNewInstance(interface javax.jdo.spi.StateManager sm)"
17:10:15,876 (main) DEBUG [DataNucleus.Enhancer] - Adding method "javax.jdo.spi.PersistenceCapable jdoNewInstance(interface javax.jdo.spi.StateManager sm, class java.lang.Object obj)"
17:10:15,876 (main) DEBUG [DataNucleus.Enhancer] - Adding method "void jdoReplaceField(int index)"
17:10:15,876 (main) DEBUG [DataNucleus.Enhancer] - Adding method "void jdoProvideField(int index)"
17:10:15,876 (main) DEBUG [DataNucleus.Enhancer] - Adding method "void jdoCopyField(class eu.ubitech.samples.jpa.tutorial.Book obj, int index)"
17:10:15,876 (main) DEBUG [DataNucleus.Enhancer] - Adding method "void jdoCopyFields(class java.lang.Object obj, class [I indices)"
17:10:15,876 (main) DEBUG [DataNucleus.Enhancer] - Adding method "[Ljava.lang.String; __jdoFieldNamesInit()"
17:10:15,877 (main) DEBUG [DataNucleus.Enhancer] - Adding method "[Ljava.lang.Class; __jdoFieldTypesInit()"
17:10:15,877 (main) DEBUG [DataNucleus.Enhancer] - Adding method "[B __jdoFieldFlagsInit()"
17:10:15,877 (main) DEBUG [DataNucleus.Enhancer] - Adding method "int __jdoGetInheritedFieldCount()"
17:10:15,877 (main) DEBUG [DataNucleus.Enhancer] - Adding method "int jdoGetManagedFieldCount()"
17:10:15,877 (main) DEBUG [DataNucleus.Enhancer] - Adding method "java.lang.Class __jdoPersistenceCapableSuperclassInit()"
17:10:15,877 (main) DEBUG [DataNucleus.Enhancer] - Adding method "java.lang.Class ___jdo$loadClass(class java.lang.String className)"
17:10:15,877 (main) DEBUG [DataNucleus.Enhancer] - Adding method "java.lang.Object jdoSuperClone()"
17:10:15,877 (main) DEBUG [DataNucleus.Enhancer] - Adding method "java.lang.String jdoGetauthor(class eu.ubitech.samples.jpa.tutorial.Book objPC)"
17:10:15,877 (main) DEBUG [DataNucleus.Enhancer] - Adding method "void jdoSetauthor(class eu.ubitech.samples.jpa.tutorial.Book objPC, class java.lang.String val)"
17:10:15,878 (main) DEBUG [DataNucleus.Enhancer] - Adding method "java.lang.String jdoGetisbn(class eu.ubitech.samples.jpa.tutorial.Book objPC)"
17:10:15,878 (main) DEBUG [DataNucleus.Enhancer] - Adding method "void jdoSetisbn(class eu.ubitech.samples.jpa.tutorial.Book objPC, class java.lang.String val)"
17:10:15,878 (main) DEBUG [DataNucleus.Enhancer] - Adding method "java.lang.String jdoGetpublisher(class eu.ubitech.samples.jpa.tutorial.Book objPC)"
17:10:15,878 (main) DEBUG [DataNucleus.Enhancer] - Adding method "void jdoSetpublisher(class eu.ubitech.samples.jpa.tutorial.Book objPC, class java.lang.String val)"
17:10:15,878 (main) INFO  [DataNucleus.Enhancer] - Writing class file "/home/orion/IdeaProjects/cumulus4jexamples/example1/target/classes/eu/ubitech/samples/jpa/tutorial/Book.class" with enhanced definition
17:10:15,879 (main) INFO  [DataNucleus.Enhancer] - ENHANCED (PersistenceCapable) : eu.ubitech.samples.jpa.tutorial.Book
17:10:15,879 (main) DEBUG [DataNucleus.Enhancer] - Enhance of class "eu.ubitech.samples.jpa.tutorial.Book" completed
17:10:15,879 (main) DEBUG [DataNucleus.Enhancer] - Enhance of class "eu.ubitech.samples.jpa.tutorial.Inventory" starting ...
17:10:15,879 (main) DEBUG [DataNucleus.Enhancer] - Class "eu.ubitech.samples.jpa.tutorial.Inventory" doesnt implement the interface "javax.jdo.spi.PersistenceCapable" but is required
17:10:15,879 (main) DEBUG [DataNucleus.Enhancer] - Class "eu.ubitech.samples.jpa.tutorial.Inventory" doesnt implement the interface "javax.jdo.spi.Detachable" but is required
17:10:15,879 (main) DEBUG [DataNucleus.Enhancer] - Class "eu.ubitech.samples.jpa.tutorial.Inventory" doesnt have field "jdoFlags" but is required
17:10:15,879 (main) DEBUG [DataNucleus.Enhancer] - Class "eu.ubitech.samples.jpa.tutorial.Inventory" doesnt have field "jdoPersistenceCapableSuperclass" but is required
17:10:15,879 (main) DEBUG [DataNucleus.Enhancer] - Class "eu.ubitech.samples.jpa.tutorial.Inventory" doesnt have field "jdoInheritedFieldCount" but is required
17:10:15,879 (main) DEBUG [DataNucleus.Enhancer] - Class "eu.ubitech.samples.jpa.tutorial.Inventory" doesnt have field "jdoStateManager" but is required
17:10:15,879 (main) DEBUG [DataNucleus.Enhancer] - Class "eu.ubitech.samples.jpa.tutorial.Inventory" doesnt have field "jdoFieldNames" but is required
17:10:15,880 (main) DEBUG [DataNucleus.Enhancer] - Class "eu.ubitech.samples.jpa.tutorial.Inventory" doesnt have field "jdoDetachedState" but is required
17:10:15,880 (main) DEBUG [DataNucleus.Enhancer] - Class "eu.ubitech.samples.jpa.tutorial.Inventory" doesnt have field "jdoFieldFlags" but is required
17:10:15,880 (main) DEBUG [DataNucleus.Enhancer] - Class "eu.ubitech.samples.jpa.tutorial.Inventory" doesnt have field "jdoFieldTypes" but is required
17:10:15,880 (main) DEBUG [DataNucleus.Enhancer] - Class "eu.ubitech.samples.jpa.tutorial.Inventory" doesnt have method "jdoIsTransactional" but is required
17:10:15,880 (main) DEBUG [DataNucleus.Enhancer] - Class "eu.ubitech.samples.jpa.tutorial.Inventory" doesnt have method "jdoGetObjectId" but is required
17:10:15,880 (main) DEBUG [DataNucleus.Enhancer] - Class "eu.ubitech.samples.jpa.tutorial.Inventory" doesnt have method "jdoGetPersistenceManager" but is required
17:10:15,880 (main) DEBUG [DataNucleus.Enhancer] - Class "eu.ubitech.samples.jpa.tutorial.Inventory" doesnt have method "jdoIsDirty" but is required
17:10:15,880 (main) DEBUG [DataNucleus.Enhancer] - Class "eu.ubitech.samples.jpa.tutorial.Inventory" doesnt have method "jdoIsDetached" but is required
17:10:15,880 (main) DEBUG [DataNucleus.Enhancer] - Class "eu.ubitech.samples.jpa.tutorial.Inventory" doesnt have method "jdoNewObjectIdInstance" but is required
17:10:15,880 (main) DEBUG [DataNucleus.Enhancer] - Class "eu.ubitech.samples.jpa.tutorial.Inventory" doesnt have method "jdoNewObjectIdInstance" but is required
17:10:15,880 (main) DEBUG [DataNucleus.Enhancer] - Class "eu.ubitech.samples.jpa.tutorial.Inventory" doesnt have method "jdoReplaceDetachedState" but is required
17:10:15,880 (main) DEBUG [DataNucleus.Enhancer] - Class "eu.ubitech.samples.jpa.tutorial.Inventory" doesnt have method "jdoCopyFields" but is required
17:10:15,880 (main) DEBUG [DataNucleus.Enhancer] - Class "eu.ubitech.samples.jpa.tutorial.Inventory" doesnt have method "jdoIsDeleted" but is required
17:10:15,880 (main) DEBUG [DataNucleus.Enhancer] - Class "eu.ubitech.samples.jpa.tutorial.Inventory" doesnt have method "jdoNewInstance" but is required
17:10:15,880 (main) DEBUG [DataNucleus.Enhancer] - Class "eu.ubitech.samples.jpa.tutorial.Inventory" doesnt have method "jdoNewInstance" but is required
17:10:15,880 (main) DEBUG [DataNucleus.Enhancer] - Class "eu.ubitech.samples.jpa.tutorial.Inventory" doesnt have method "jdoGetVersion" but is required
17:10:15,880 (main) DEBUG [DataNucleus.Enhancer] - Class "eu.ubitech.samples.jpa.tutorial.Inventory" doesnt have method "jdoProvideField" but is required
17:10:15,880 (main) DEBUG [DataNucleus.Enhancer] - Class "eu.ubitech.samples.jpa.tutorial.Inventory" doesnt have method "jdoGetManagedFieldCount" but is required
17:10:15,880 (main) DEBUG [DataNucleus.Enhancer] - Class "eu.ubitech.samples.jpa.tutorial.Inventory" doesnt have method "jdoReplaceField" but is required
17:10:15,880 (main) DEBUG [DataNucleus.Enhancer] - Class "eu.ubitech.samples.jpa.tutorial.Inventory" doesnt have method "jdoCopyField" but is required
17:10:15,880 (main) DEBUG [DataNucleus.Enhancer] - Class "eu.ubitech.samples.jpa.tutorial.Inventory" doesnt have method "jdoProvideFields" but is required
17:10:15,881 (main) DEBUG [DataNucleus.Enhancer] - Class "eu.ubitech.samples.jpa.tutorial.Inventory" doesnt have method "jdoCopyKeyFieldsFromObjectId" but is required
17:10:15,881 (main) DEBUG [DataNucleus.Enhancer] - Class "eu.ubitech.samples.jpa.tutorial.Inventory" doesnt have method "jdoCopyKeyFieldsFromObjectId" but is required
17:10:15,881 (main) DEBUG [DataNucleus.Enhancer] - Class "eu.ubitech.samples.jpa.tutorial.Inventory" doesnt have method "jdoSuperClone" but is required
17:10:15,881 (main) DEBUG [DataNucleus.Enhancer] - Class "eu.ubitech.samples.jpa.tutorial.Inventory" doesnt have method "__jdoGetInheritedFieldCount" but is required
17:10:15,881 (main) DEBUG [DataNucleus.Enhancer] - Class "eu.ubitech.samples.jpa.tutorial.Inventory" doesnt have method "__jdoFieldTypesInit" but is required
17:10:15,881 (main) DEBUG [DataNucleus.Enhancer] - Class "eu.ubitech.samples.jpa.tutorial.Inventory" doesnt have method "jdoReplaceFlags" but is required
17:10:15,881 (main) DEBUG [DataNucleus.Enhancer] - Class "eu.ubitech.samples.jpa.tutorial.Inventory" doesnt have method "___jdo$loadClass" but is required
17:10:15,881 (main) DEBUG [DataNucleus.Enhancer] - Class "eu.ubitech.samples.jpa.tutorial.Inventory" doesnt have method "jdoMakeDirty" but is required
17:10:15,881 (main) DEBUG [DataNucleus.Enhancer] - Class "eu.ubitech.samples.jpa.tutorial.Inventory" doesnt have method "jdoGetTransactionalObjectId" but is required
17:10:15,881 (main) DEBUG [DataNucleus.Enhancer] - Class "eu.ubitech.samples.jpa.tutorial.Inventory" doesnt have method "__jdoFieldNamesInit" but is required
17:10:15,881 (main) DEBUG [DataNucleus.Enhancer] - Class "eu.ubitech.samples.jpa.tutorial.Inventory" doesnt have method "jdoIsNew" but is required
17:10:15,881 (main) DEBUG [DataNucleus.Enhancer] - Class "eu.ubitech.samples.jpa.tutorial.Inventory" doesnt have method "jdoReplaceStateManager" but is required
17:10:15,881 (main) DEBUG [DataNucleus.Enhancer] - Class "eu.ubitech.samples.jpa.tutorial.Inventory" doesnt have method "__jdoFieldFlagsInit" but is required
17:10:15,884 (main) DEBUG [DataNucleus.Enhancer] - Class "eu.ubitech.samples.jpa.tutorial.Inventory" doesnt have method "jdoPreSerialize" but is required
17:10:15,884 (main) DEBUG [DataNucleus.Enhancer] - Class "eu.ubitech.samples.jpa.tutorial.Inventory" doesnt have method "jdoIsPersistent" but is required
17:10:15,884 (main) DEBUG [DataNucleus.Enhancer] - Class "eu.ubitech.samples.jpa.tutorial.Inventory" doesnt have method "jdoReplaceFields" but is required
17:10:15,884 (main) DEBUG [DataNucleus.Enhancer] - Class "eu.ubitech.samples.jpa.tutorial.Inventory" doesnt have method "jdoCopyKeyFieldsToObjectId" but is required
17:10:15,884 (main) DEBUG [DataNucleus.Enhancer] - Class "eu.ubitech.samples.jpa.tutorial.Inventory" doesnt have method "jdoCopyKeyFieldsToObjectId" but is required
17:10:15,884 (main) DEBUG [DataNucleus.Enhancer] - Class "eu.ubitech.samples.jpa.tutorial.Inventory" doesnt have method "__jdoPersistenceCapableSuperclassInit" but is required
17:10:15,885 (main) DEBUG [DataNucleus.Enhancer] - Adding interface: javax.jdo.spi.Detachable
17:10:15,885 (main) DEBUG [DataNucleus.Enhancer] - Adding interface: javax.jdo.spi.PersistenceCapable
17:10:15,885 (main) DEBUG [DataNucleus.Enhancer] - Enhancing original method eu.ubitech.samples.jpa.tutorial.Inventory.<init> : omitting enhance of set of field "eu.ubitech.samples.jpa.tutorial.Inventory.name"
17:10:15,885 (main) DEBUG [DataNucleus.Enhancer] - Enhancing original method eu.ubitech.samples.jpa.tutorial.Inventory.<init> : omitting enhance of set of field "eu.ubitech.samples.jpa.tutorial.Inventory.products"
17:10:15,885 (main) DEBUG [DataNucleus.Enhancer] - Enhancing original method eu.ubitech.samples.jpa.tutorial.Inventory.<init> : omitting enhance of set of field "eu.ubitech.samples.jpa.tutorial.Inventory.name"
17:10:15,885 (main) DEBUG [DataNucleus.Enhancer] - Enhancing original method eu.ubitech.samples.jpa.tutorial.Inventory.getName changing field "eu.ubitech.samples.jpa.tutorial.Inventory.name" for call to "jdoGetname()"
17:10:15,885 (main) DEBUG [DataNucleus.Enhancer] - Enhancing original method eu.ubitech.samples.jpa.tutorial.Inventory.getProducts changing field "eu.ubitech.samples.jpa.tutorial.Inventory.products" for call to "jdoGetproducts()"
17:10:15,885 (main) DEBUG [DataNucleus.Enhancer] - Enhancing original method eu.ubitech.samples.jpa.tutorial.Inventory.toString changing field "eu.ubitech.samples.jpa.tutorial.Inventory.name" for call to "jdoGetname()"
17:10:15,886 (main) DEBUG [DataNucleus.Enhancer] - Enhancing original method eu.ubitech.samples.jpa.tutorial.Inventory.getId changing field "eu.ubitech.samples.jpa.tutorial.Inventory.id" for call to "jdoGetid()"
17:10:15,886 (main) DEBUG [DataNucleus.Enhancer] - Enhancing original method eu.ubitech.samples.jpa.tutorial.Inventory.setId changing field "eu.ubitech.samples.jpa.tutorial.Inventory.id" for call to "jdoSetid()"
17:10:15,886 (main) DEBUG [DataNucleus.Enhancer] - Adding field "javax.jdo.spi.StateManager jdoStateManager"
17:10:15,886 (main) DEBUG [DataNucleus.Enhancer] - Adding field "byte jdoFlags"
17:10:15,886 (main) DEBUG [DataNucleus.Enhancer] - Adding field "[Ljava.lang.Object; jdoDetachedState"
17:10:15,886 (main) DEBUG [DataNucleus.Enhancer] - Adding field "[B jdoFieldFlags"
17:10:15,886 (main) DEBUG [DataNucleus.Enhancer] - Adding field "java.lang.Class jdoPersistenceCapableSuperclass"
17:10:15,886 (main) DEBUG [DataNucleus.Enhancer] - Adding field "[Ljava.lang.Class; jdoFieldTypes"
17:10:15,886 (main) DEBUG [DataNucleus.Enhancer] - Adding field "[Ljava.lang.String; jdoFieldNames"
17:10:15,886 (main) DEBUG [DataNucleus.Enhancer] - Adding field "int jdoInheritedFieldCount"
17:10:15,886 (main) DEBUG [DataNucleus.Enhancer] - Adding method "void <clinit>()"
17:10:15,887 (main) DEBUG [DataNucleus.Enhancer] - Adding constructor "eu.ubitech.samples.jpa.tutorial.Inventory()"
17:10:15,887 (main) DEBUG [DataNucleus.Enhancer] - Adding method "void jdoCopyKeyFieldsFromObjectId(interface javax.jdo.spi.PersistenceCapable$ObjectIdFieldConsumer fc, class java.lang.Object oid)"
17:10:15,887 (main) DEBUG [DataNucleus.Enhancer] - Adding method "void jdoCopyKeyFieldsFromObjectId(class java.lang.Object oid)"
17:10:15,887 (main) DEBUG [DataNucleus.Enhancer] - Adding method "void jdoCopyKeyFieldsToObjectId(class java.lang.Object oid)"
17:10:15,888 (main) DEBUG [DataNucleus.Enhancer] - Adding method "void jdoCopyKeyFieldsToObjectId(interface javax.jdo.spi.PersistenceCapable$ObjectIdFieldSupplier fs, class java.lang.Object oid)"
17:10:15,888 (main) DEBUG [DataNucleus.Enhancer] - Adding method "java.lang.Object jdoGetObjectId()"
17:10:15,888 (main) DEBUG [DataNucleus.Enhancer] - Adding method "java.lang.Object jdoGetVersion()"
17:10:15,888 (main) DEBUG [DataNucleus.Enhancer] - Adding method "void jdoPreSerialize()"
17:10:15,888 (main) DEBUG [DataNucleus.Enhancer] - Adding method "javax.jdo.PersistenceManager jdoGetPersistenceManager()"
17:10:15,888 (main) DEBUG [DataNucleus.Enhancer] - Adding method "java.lang.Object jdoGetTransactionalObjectId()"
17:10:15,888 (main) DEBUG [DataNucleus.Enhancer] - Adding method "boolean jdoIsDeleted()"
17:10:15,888 (main) DEBUG [DataNucleus.Enhancer] - Adding method "boolean jdoIsDirty()"
17:10:15,889 (main) DEBUG [DataNucleus.Enhancer] - Adding method "boolean jdoIsNew()"
17:10:15,889 (main) DEBUG [DataNucleus.Enhancer] - Adding method "boolean jdoIsPersistent()"
17:10:15,889 (main) DEBUG [DataNucleus.Enhancer] - Adding method "boolean jdoIsTransactional()"
17:10:15,889 (main) DEBUG [DataNucleus.Enhancer] - Adding method "void jdoMakeDirty(class java.lang.String fieldName)"
17:10:15,889 (main) DEBUG [DataNucleus.Enhancer] - Adding method "java.lang.Object jdoNewObjectIdInstance()"
17:10:15,889 (main) DEBUG [DataNucleus.Enhancer] - Adding method "java.lang.Object jdoNewObjectIdInstance(class java.lang.Object key)"
17:10:15,889 (main) DEBUG [DataNucleus.Enhancer] - Adding method "void jdoProvideFields(class [I indices)"
17:10:15,890 (main) DEBUG [DataNucleus.Enhancer] - Adding method "void jdoReplaceFields(class [I indices)"
17:10:15,890 (main) DEBUG [DataNucleus.Enhancer] - Adding method "void jdoReplaceFlags()"
17:10:15,890 (main) DEBUG [DataNucleus.Enhancer] - Adding method "void jdoReplaceStateManager(interface javax.jdo.spi.StateManager sm)"
17:10:15,890 (main) DEBUG [DataNucleus.Enhancer] - Adding method "void jdoReplaceDetachedState()"
17:10:15,890 (main) DEBUG [DataNucleus.Enhancer] - Adding method "boolean jdoIsDetached()"
17:10:15,890 (main) DEBUG [DataNucleus.Enhancer] - Adding method "javax.jdo.spi.PersistenceCapable jdoNewInstance(interface javax.jdo.spi.StateManager sm)"
17:10:15,890 (main) DEBUG [DataNucleus.Enhancer] - Adding method "javax.jdo.spi.PersistenceCapable jdoNewInstance(interface javax.jdo.spi.StateManager sm, class java.lang.Object obj)"
17:10:15,891 (main) DEBUG [DataNucleus.Enhancer] - Adding method "void jdoReplaceField(int index)"
17:10:15,891 (main) DEBUG [DataNucleus.Enhancer] - Adding method "void jdoProvideField(int index)"
17:10:15,891 (main) DEBUG [DataNucleus.Enhancer] - Adding method "void jdoCopyField(class eu.ubitech.samples.jpa.tutorial.Inventory obj, int index)"
17:10:15,891 (main) DEBUG [DataNucleus.Enhancer] - Adding method "void jdoCopyFields(class java.lang.Object obj, class [I indices)"
17:10:15,891 (main) DEBUG [DataNucleus.Enhancer] - Adding method "[Ljava.lang.String; __jdoFieldNamesInit()"
17:10:15,891 (main) DEBUG [DataNucleus.Enhancer] - Adding method "[Ljava.lang.Class; __jdoFieldTypesInit()"
17:10:15,891 (main) DEBUG [DataNucleus.Enhancer] - Adding method "[B __jdoFieldFlagsInit()"
17:10:15,892 (main) DEBUG [DataNucleus.Enhancer] - Adding method "int __jdoGetInheritedFieldCount()"
17:10:15,892 (main) DEBUG [DataNucleus.Enhancer] - Adding method "int jdoGetManagedFieldCount()"
17:10:15,892 (main) DEBUG [DataNucleus.Enhancer] - Adding method "java.lang.Class __jdoPersistenceCapableSuperclassInit()"
17:10:15,892 (main) DEBUG [DataNucleus.Enhancer] - Adding method "java.lang.Class ___jdo$loadClass(class java.lang.String className)"
17:10:15,892 (main) DEBUG [DataNucleus.Enhancer] - Adding method "java.lang.Object jdoSuperClone()"
17:10:15,892 (main) DEBUG [DataNucleus.Enhancer] - Adding method "long jdoGetid(class eu.ubitech.samples.jpa.tutorial.Inventory objPC)"
17:10:15,892 (main) DEBUG [DataNucleus.Enhancer] - Adding method "void jdoSetid(class eu.ubitech.samples.jpa.tutorial.Inventory objPC, long val)"
17:10:15,892 (main) DEBUG [DataNucleus.Enhancer] - Adding method "java.lang.String jdoGetname(class eu.ubitech.samples.jpa.tutorial.Inventory objPC)"
17:10:15,893 (main) DEBUG [DataNucleus.Enhancer] - Adding method "void jdoSetname(class eu.ubitech.samples.jpa.tutorial.Inventory objPC, class java.lang.String val)"
17:10:15,893 (main) DEBUG [DataNucleus.Enhancer] - Adding method "java.util.Set jdoGetproducts(class eu.ubitech.samples.jpa.tutorial.Inventory objPC)"
17:10:15,894 (main) DEBUG [DataNucleus.Enhancer] - Adding method "void jdoSetproducts(class eu.ubitech.samples.jpa.tutorial.Inventory objPC, interface java.util.Set val)"
17:10:15,894 (main) INFO  [DataNucleus.Enhancer] - Writing class file "/home/orion/IdeaProjects/cumulus4jexamples/example1/target/classes/eu/ubitech/samples/jpa/tutorial/Inventory.class" with enhanced definition
17:10:15,894 (main) INFO  [DataNucleus.Enhancer] - ENHANCED (PersistenceCapable) : eu.ubitech.samples.jpa.tutorial.Inventory
17:10:15,895 (main) DEBUG [DataNucleus.Enhancer] - Enhance of class "eu.ubitech.samples.jpa.tutorial.Inventory" completed
17:10:15,895 (main) INFO  [DataNucleus.Enhancer] - DataNucleus Enhancer completed with success for 3 classes. Timings : input=81 ms, enhance=87 ms, total=168 ms. Consult the log for full details
